0 info it worked if it ends with ok
1 verbose cli [ 'node', '/usr/local/bin/npm', 'run', 'lint', '--', '--fix' ]
2 info using npm@3.3.10
3 info using node@v0.10.29
4 verbose node symlink /usr/local/bin/node
5 verbose run-script [ 'prelint', 'lint', 'postlint' ]
6 info lifecycle ganancias@0.0.0~prelint: ganancias@0.0.0
7 silly lifecycle ganancias@0.0.0~prelint: no script for prelint, continuing
8 info lifecycle ganancias@0.0.0~lint: ganancias@0.0.0
9 verbose lifecycle ganancias@0.0.0~lint: unsafe-perm in lifecycle true
10 verbose lifecycle ganancias@0.0.0~lint: PATH: /usr/local/lib/node_modules/npm/bin/node-gyp-bin:/Users/Lemur/Sites/ganancias/node_modules/.bin:/Users/Lemur/bin:/usr/local/bin:/usr/bin:/bin:/usr/sbin:/sbin:/usr/local/go/bin:/opt/X11/bin:/opt/ImageMagick/bin:/usr/local/git/bin:/Users/Lemur/.composer/vendor/bin:~/Library/Python/2.7/bin/
11 verbose lifecycle ganancias@0.0.0~lint: CWD: /Users/Lemur/Sites/ganancias
12 silly lifecycle ganancias@0.0.0~lint: Args: [ '-c', 'eslint src "--fix"' ]
13 silly lifecycle ganancias@0.0.0~lint: Returned: code: 8  signal: null
14 info lifecycle ganancias@0.0.0~lint: Failed to exec lint script
15 verbose stack Error: ganancias@0.0.0 lint: `eslint src "--fix"`
15 verbose stack Exit status 8
15 verbose stack     at EventEmitter.<anonymous> (/usr/local/lib/node_modules/npm/lib/utils/lifecycle.js:232:16)
15 verbose stack     at EventEmitter.emit (events.js:98:17)
15 verbose stack     at ChildProcess.<anonymous> (/usr/local/lib/node_modules/npm/lib/utils/spawn.js:24:14)
15 verbose stack     at ChildProcess.emit (events.js:98:17)
15 verbose stack     at maybeClose (child_process.js:755:16)
15 verbose stack     at Process.ChildProcess._handle.onexit (child_process.js:822:5)
16 verbose pkgid ganancias@0.0.0
17 verbose cwd /Users/Lemur/Sites/ganancias
18 error Darwin 17.2.0
19 error argv "node" "/usr/local/bin/npm" "run" "lint" "--" "--fix"
20 error node v0.10.29
21 error npm  v3.3.10
22 error code ELIFECYCLE
23 error ganancias@0.0.0 lint: `eslint src "--fix"`
23 error Exit status 8
24 error Failed at the ganancias@0.0.0 lint script 'eslint src "--fix"'.
24 error Make sure you have the latest version of node.js and npm installed.
24 error If you do, this is most likely a problem with the ganancias package,
24 error not with npm itself.
24 error Tell the author that this fails on your system:
24 error     eslint src "--fix"
24 error You can get their info via:
24 error     npm owner ls ganancias
24 error There is likely additional logging output above.
25 verbose exit [ 1, true ]
